[root@pnp-server-knm002 sgemm]# ./run_gemm.sh 
m = 50000, n = 50000, k = 8640, transab = NN, alpha = 1.00000, beta = 1.00000, ao = 0, bo = 0, co = 0, number_of_bits = 2, 2, 4, check_results = 0, repeat = 10 
Memory is allocated A = 0x7f479c000000, B = 0x7f4768600000, C = 0x7f4514400000, D = (nil) 
Matrices are initialized 
OMP: Info #204: KMP_AFFINITY: decoding x2APIC ids.
OMP: Info #202: KMP_AFFINITY: Affinity capable, using global cpuid leaf 11 info
OMP: Info #154: KMP_AFFINITY: Initial OS proc set respected: {0,1,2,3,4,5,6,7,8,9,10,11,12,13,14,15,16,17,18,19,20,21,22,23,24,25,26,27,28,29,30,31,32,33,34,35,36,37,38,39,40,41,42,43,44,45,46,47,48,49,50,51,52,53,54,55,56,57,58,59,60,61,62,63,64,65,66,67,68,69,70,71,72,73,74,75,76,77,78,79,80,81,82,83,84,85,86,87,88,89,90,91,92,93,94,95,96,97,98,99,100,101,102,103,104,105,106,107,108,109,110,111,112,113,114,115,116,117,118,119,120,121,122,123,124,125,126,127,128,129,130,131,132,133,134,135,136,137,138,139,140,141,142,143,144,145,146,147,148,149,150,151,152,153,154,155,156,157,158,159,160,161,162,163,164,165,166,167,168,169,170,171,172,173,174,175,176,177,178,179,180,181,182,183,184,185,186,187,188,189,190,191,192,193,194,195,196,197,198,199,200,201,202,203,204,205,206,207,208,209,210,211,212,213,214,215,216,217,218,219,220,221,222,223,224,225,226,227,228,229,230,231,232,233,234,235,236,237,238,239,240,241,242,243,244,245,246,247,248,249,250,251,252,253,254,255,256,257,258,259,260,261,262,263,264,265,266,267,268,269,270,271,272,273,274,275,276,277,278,279,...}
OMP: Info #156: KMP_AFFINITY: 288 available OS procs
OMP: Info #157: KMP_AFFINITY: Uniform topology
OMP: Info #179: KMP_AFFINITY: 1 packages x 72 cores/pkg x 4 threads/core (72 total cores)
OMP: Info #206: KMP_AFFINITY: OS proc to physical thread map:
OMP: Info #171: KMP_AFFINITY: OS proc 0 maps to package 0 core 0 thread 0 
OMP: Info #171: KMP_AFFINITY: OS proc 72 maps to package 0 core 0 thread 1 
OMP: Info #171: KMP_AFFINITY: OS proc 144 maps to package 0 core 0 thread 2 
OMP: Info #171: KMP_AFFINITY: OS proc 216 maps to package 0 core 0 thread 3 
OMP: Info #171: KMP_AFFINITY: OS proc 1 maps to package 0 core 1 thread 0 
OMP: Info #171: KMP_AFFINITY: OS proc 73 maps to package 0 core 1 thread 1 
OMP: Info #171: KMP_AFFINITY: OS proc 145 maps to package 0 core 1 thread 2 
OMP: Info #171: KMP_AFFINITY: OS proc 217 maps to package 0 core 1 thread 3 
OMP: Info #171: KMP_AFFINITY: OS proc 2 maps to package 0 core 2 thread 0 
OMP: Info #171: KMP_AFFINITY: OS proc 74 maps to package 0 core 2 thread 1 
OMP: Info #171: KMP_AFFINITY: OS proc 146 maps to package 0 core 2 thread 2 
OMP: Info #171: KMP_AFFINITY: OS proc 218 maps to package 0 core 2 thread 3 
OMP: Info #171: KMP_AFFINITY: OS proc 3 maps to package 0 core 3 thread 0 
OMP: Info #171: KMP_AFFINITY: OS proc 75 maps to package 0 core 3 thread 1 
OMP: Info #171: KMP_AFFINITY: OS proc 147 maps to package 0 core 3 thread 2 
OMP: Info #171: KMP_AFFINITY: OS proc 219 maps to package 0 core 3 thread 3 
OMP: Info #171: KMP_AFFINITY: OS proc 4 maps to package 0 core 4 thread 0 
OMP: Info #171: KMP_AFFINITY: OS proc 76 maps to package 0 core 4 thread 1 
OMP: Info #171: KMP_AFFINITY: OS proc 148 maps to package 0 core 4 thread 2 
OMP: Info #171: KMP_AFFINITY: OS proc 220 maps to package 0 core 4 thread 3 
OMP: Info #171: KMP_AFFINITY: OS proc 5 maps to package 0 core 5 thread 0 
OMP: Info #171: KMP_AFFINITY: OS proc 77 maps to package 0 core 5 thread 1 
OMP: Info #171: KMP_AFFINITY: OS proc 149 maps to package 0 core 5 thread 2 
OMP: Info #171: KMP_AFFINITY: OS proc 221 maps to package 0 core 5 thread 3 
OMP: Info #171: KMP_AFFINITY: OS proc 6 maps to package 0 core 6 thread 0 
OMP: Info #171: KMP_AFFINITY: OS proc 78 maps to package 0 core 6 thread 1 
OMP: Info #171: KMP_AFFINITY: OS proc 150 maps to package 0 core 6 thread 2 
OMP: Info #171: KMP_AFFINITY: OS proc 222 maps to package 0 core 6 thread 3 
OMP: Info #171: KMP_AFFINITY: OS proc 7 maps to package 0 core 7 thread 0 
OMP: Info #171: KMP_AFFINITY: OS proc 79 maps to package 0 core 7 thread 1 
OMP: Info #171: KMP_AFFINITY: OS proc 151 maps to package 0 core 7 thread 2 
OMP: Info #171: KMP_AFFINITY: OS proc 223 maps to package 0 core 7 thread 3 
OMP: Info #171: KMP_AFFINITY: OS proc 8 maps to package 0 core 8 thread 0 
OMP: Info #171: KMP_AFFINITY: OS proc 80 maps to package 0 core 8 thread 1 
OMP: Info #171: KMP_AFFINITY: OS proc 152 maps to package 0 core 8 thread 2 
OMP: Info #171: KMP_AFFINITY: OS proc 224 maps to package 0 core 8 thread 3 
OMP: Info #171: KMP_AFFINITY: OS proc 9 maps to package 0 core 9 thread 0 
OMP: Info #171: KMP_AFFINITY: OS proc 81 maps to package 0 core 9 thread 1 
OMP: Info #171: KMP_AFFINITY: OS proc 153 maps to package 0 core 9 thread 2 
OMP: Info #171: KMP_AFFINITY: OS proc 225 maps to package 0 core 9 thread 3 
OMP: Info #171: KMP_AFFINITY: OS proc 10 maps to package 0 core 10 thread 0 
OMP: Info #171: KMP_AFFINITY: OS proc 82 maps to package 0 core 10 thread 1 
OMP: Info #171: KMP_AFFINITY: OS proc 154 maps to package 0 core 10 thread 2 
OMP: Info #171: KMP_AFFINITY: OS proc 226 maps to package 0 core 10 thread 3 
OMP: Info #171: KMP_AFFINITY: OS proc 11 maps to package 0 core 11 thread 0 
OMP: Info #171: KMP_AFFINITY: OS proc 83 maps to package 0 core 11 thread 1 
OMP: Info #171: KMP_AFFINITY: OS proc 155 maps to package 0 core 11 thread 2 
OMP: Info #171: KMP_AFFINITY: OS proc 227 maps to package 0 core 11 thread 3 
OMP: Info #171: KMP_AFFINITY: OS proc 12 maps to package 0 core 12 thread 0 
OMP: Info #171: KMP_AFFINITY: OS proc 84 maps to package 0 core 12 thread 1 
OMP: Info #171: KMP_AFFINITY: OS proc 156 maps to package 0 core 12 thread 2 
OMP: Info #171: KMP_AFFINITY: OS proc 228 maps to package 0 core 12 thread 3 
OMP: Info #171: KMP_AFFINITY: OS proc 13 maps to package 0 core 13 thread 0 
OMP: Info #171: KMP_AFFINITY: OS proc 85 maps to package 0 core 13 thread 1 
OMP: Info #171: KMP_AFFINITY: OS proc 157 maps to package 0 core 13 thread 2 
OMP: Info #171: KMP_AFFINITY: OS proc 229 maps to package 0 core 13 thread 3 
OMP: Info #171: KMP_AFFINITY: OS proc 14 maps to package 0 core 14 thread 0 
OMP: Info #171: KMP_AFFINITY: OS proc 86 maps to package 0 core 14 thread 1 
OMP: Info #171: KMP_AFFINITY: OS proc 158 maps to package 0 core 14 thread 2 
OMP: Info #171: KMP_AFFINITY: OS proc 230 maps to package 0 core 14 thread 3 
OMP: Info #171: KMP_AFFINITY: OS proc 15 maps to package 0 core 15 thread 0 
OMP: Info #171: KMP_AFFINITY: OS proc 87 maps to package 0 core 15 thread 1 
OMP: Info #171: KMP_AFFINITY: OS proc 159 maps to package 0 core 15 thread 2 
OMP: Info #171: KMP_AFFINITY: OS proc 231 maps to package 0 core 15 thread 3 
OMP: Info #171: KMP_AFFINITY: OS proc 16 maps to package 0 core 18 thread 0 
OMP: Info #171: KMP_AFFINITY: OS proc 88 maps to package 0 core 18 thread 1 
OMP: Info #171: KMP_AFFINITY: OS proc 160 maps to package 0 core 18 thread 2 
OMP: Info #171: KMP_AFFINITY: OS proc 232 maps to package 0 core 18 thread 3 
OMP: Info #171: KMP_AFFINITY: OS proc 17 maps to package 0 core 19 thread 0 
OMP: Info #171: KMP_AFFINITY: OS proc 89 maps to package 0 core 19 thread 1 
OMP: Info #171: KMP_AFFINITY: OS proc 161 maps to package 0 core 19 thread 2 
OMP: Info #171: KMP_AFFINITY: OS proc 233 maps to package 0 core 19 thread 3 
OMP: Info #171: KMP_AFFINITY: OS proc 18 maps to package 0 core 20 thread 0 
OMP: Info #171: KMP_AFFINITY: OS proc 90 maps to package 0 core 20 thread 1 
OMP: Info #171: KMP_AFFINITY: OS proc 162 maps to package 0 core 20 thread 2 
OMP: Info #171: KMP_AFFINITY: OS proc 234 maps to package 0 core 20 thread 3 
OMP: Info #171: KMP_AFFINITY: OS proc 19 maps to package 0 core 21 thread 0 
OMP: Info #171: KMP_AFFINITY: OS proc 91 maps to package 0 core 21 thread 1 
OMP: Info #171: KMP_AFFINITY: OS proc 163 maps to package 0 core 21 thread 2 
OMP: Info #171: KMP_AFFINITY: OS proc 235 maps to package 0 core 21 thread 3 
OMP: Info #171: KMP_AFFINITY: OS proc 20 maps to package 0 core 22 thread 0 
OMP: Info #171: KMP_AFFINITY: OS proc 92 maps to package 0 core 22 thread 1 
OMP: Info #171: KMP_AFFINITY: OS proc 164 maps to package 0 core 22 thread 2 
OMP: Info #171: KMP_AFFINITY: OS proc 236 maps to package 0 core 22 thread 3 
OMP: Info #171: KMP_AFFINITY: OS proc 21 maps to package 0 core 23 thread 0 
OMP: Info #171: KMP_AFFINITY: OS proc 93 maps to package 0 core 23 thread 1 
OMP: Info #171: KMP_AFFINITY: OS proc 165 maps to package 0 core 23 thread 2 
OMP: Info #171: KMP_AFFINITY: OS proc 237 maps to package 0 core 23 thread 3 
OMP: Info #171: KMP_AFFINITY: OS proc 22 maps to package 0 core 24 thread 0 
OMP: Info #171: KMP_AFFINITY: OS proc 94 maps to package 0 core 24 thread 1 
OMP: Info #171: KMP_AFFINITY: OS proc 166 maps to package 0 core 24 thread 2 
OMP: Info #171: KMP_AFFINITY: OS proc 238 maps to package 0 core 24 thread 3 
OMP: Info #171: KMP_AFFINITY: OS proc 23 maps to package 0 core 25 thread 0 
OMP: Info #171: KMP_AFFINITY: OS proc 95 maps to package 0 core 25 thread 1 
OMP: Info #171: KMP_AFFINITY: OS proc 167 maps to package 0 core 25 thread 2 
OMP: Info #171: KMP_AFFINITY: OS proc 239 maps to package 0 core 25 thread 3 
OMP: Info #171: KMP_AFFINITY: OS proc 24 maps to package 0 core 26 thread 0 
OMP: Info #171: KMP_AFFINITY: OS proc 96 maps to package 0 core 26 thread 1 
OMP: Info #171: KMP_AFFINITY: OS proc 168 maps to package 0 core 26 thread 2 
OMP: Info #171: KMP_AFFINITY: OS proc 240 maps to package 0 core 26 thread 3 
OMP: Info #171: KMP_AFFINITY: OS proc 25 maps to package 0 core 27 thread 0 
OMP: Info #171: KMP_AFFINITY: OS proc 97 maps to package 0 core 27 thread 1 
OMP: Info #171: KMP_AFFINITY: OS proc 169 maps to package 0 core 27 thread 2 
OMP: Info #171: KMP_AFFINITY: OS proc 241 maps to package 0 core 27 thread 3 
OMP: Info #171: KMP_AFFINITY: OS proc 26 maps to package 0 core 28 thread 0 
OMP: Info #171: KMP_AFFINITY: OS proc 98 maps to package 0 core 28 thread 1 
OMP: Info #171: KMP_AFFINITY: OS proc 170 maps to package 0 core 28 thread 2 
OMP: Info #171: KMP_AFFINITY: OS proc 242 maps to package 0 core 28 thread 3 
OMP: Info #171: KMP_AFFINITY: OS proc 27 maps to package 0 core 29 thread 0 
OMP: Info #171: KMP_AFFINITY: OS proc 99 maps to package 0 core 29 thread 1 
OMP: Info #171: KMP_AFFINITY: OS proc 171 maps to package 0 core 29 thread 2 
OMP: Info #171: KMP_AFFINITY: OS proc 243 maps to package 0 core 29 thread 3 
OMP: Info #171: KMP_AFFINITY: OS proc 28 maps to package 0 core 30 thread 0 
OMP: Info #171: KMP_AFFINITY: OS proc 100 maps to package 0 core 30 thread 1 
OMP: Info #171: KMP_AFFINITY: OS proc 172 maps to package 0 core 30 thread 2 
OMP: Info #171: KMP_AFFINITY: OS proc 244 maps to package 0 core 30 thread 3 
OMP: Info #171: KMP_AFFINITY: OS proc 29 maps to package 0 core 31 thread 0 
OMP: Info #171: KMP_AFFINITY: OS proc 101 maps to package 0 core 31 thread 1 
OMP: Info #171: KMP_AFFINITY: OS proc 173 maps to package 0 core 31 thread 2 
OMP: Info #171: KMP_AFFINITY: OS proc 245 maps to package 0 core 31 thread 3 
OMP: Info #171: KMP_AFFINITY: OS proc 30 maps to package 0 core 32 thread 0 
OMP: Info #171: KMP_AFFINITY: OS proc 102 maps to package 0 core 32 thread 1 
OMP: Info #171: KMP_AFFINITY: OS proc 174 maps to package 0 core 32 thread 2 
OMP: Info #171: KMP_AFFINITY: OS proc 246 maps to package 0 core 32 thread 3 
OMP: Info #171: KMP_AFFINITY: OS proc 31 maps to package 0 core 33 thread 0 
OMP: Info #171: KMP_AFFINITY: OS proc 103 maps to package 0 core 33 thread 1 
OMP: Info #171: KMP_AFFINITY: OS proc 175 maps to package 0 core 33 thread 2 
OMP: Info #171: KMP_AFFINITY: OS proc 247 maps to package 0 core 33 thread 3 
OMP: Info #171: KMP_AFFINITY: OS proc 32 maps to package 0 core 34 thread 0 
OMP: Info #171: KMP_AFFINITY: OS proc 104 maps to package 0 core 34 thread 1 
OMP: Info #171: KMP_AFFINITY: OS proc 176 maps to package 0 core 34 thread 2 
OMP: Info #171: KMP_AFFINITY: OS proc 248 maps to package 0 core 34 thread 3 
OMP: Info #171: KMP_AFFINITY: OS proc 33 maps to package 0 core 35 thread 0 
OMP: Info #171: KMP_AFFINITY: OS proc 105 maps to package 0 core 35 thread 1 
OMP: Info #171: KMP_AFFINITY: OS proc 177 maps to package 0 core 35 thread 2 
OMP: Info #171: KMP_AFFINITY: OS proc 249 maps to package 0 core 35 thread 3 
OMP: Info #171: KMP_AFFINITY: OS proc 34 maps to package 0 core 36 thread 0 
OMP: Info #171: KMP_AFFINITY: OS proc 106 maps to package 0 core 36 thread 1 
OMP: Info #171: KMP_AFFINITY: OS proc 178 maps to package 0 core 36 thread 2 
OMP: Info #171: KMP_AFFINITY: OS proc 250 maps to package 0 core 36 thread 3 
OMP: Info #171: KMP_AFFINITY: OS proc 35 maps to package 0 core 37 thread 0 
OMP: Info #171: KMP_AFFINITY: OS proc 107 maps to package 0 core 37 thread 1 
OMP: Info #171: KMP_AFFINITY: OS proc 179 maps to package 0 core 37 thread 2 
OMP: Info #171: KMP_AFFINITY: OS proc 251 maps to package 0 core 37 thread 3 
OMP: Info #171: KMP_AFFINITY: OS proc 36 maps to package 0 core 38 thread 0 
OMP: Info #171: KMP_AFFINITY: OS proc 108 maps to package 0 core 38 thread 1 
OMP: Info #171: KMP_AFFINITY: OS proc 180 maps to package 0 core 38 thread 2 
OMP: Info #171: KMP_AFFINITY: OS proc 252 maps to package 0 core 38 thread 3 
OMP: Info #171: KMP_AFFINITY: OS proc 37 maps to package 0 core 39 thread 0 
OMP: Info #171: KMP_AFFINITY: OS proc 109 maps to package 0 core 39 thread 1 
OMP: Info #171: KMP_AFFINITY: OS proc 181 maps to package 0 core 39 thread 2 
OMP: Info #171: KMP_AFFINITY: OS proc 253 maps to package 0 core 39 thread 3 
OMP: Info #171: KMP_AFFINITY: OS proc 38 maps to package 0 core 40 thread 0 
OMP: Info #171: KMP_AFFINITY: OS proc 110 maps to package 0 core 40 thread 1 
OMP: Info #171: KMP_AFFINITY: OS proc 182 maps to package 0 core 40 thread 2 
OMP: Info #171: KMP_AFFINITY: OS proc 254 maps to package 0 core 40 thread 3 
OMP: Info #171: KMP_AFFINITY: OS proc 39 maps to package 0 core 41 thread 0 
OMP: Info #171: KMP_AFFINITY: OS proc 111 maps to package 0 core 41 thread 1 
OMP: Info #171: KMP_AFFINITY: OS proc 183 maps to package 0 core 41 thread 2 
OMP: Info #171: KMP_AFFINITY: OS proc 255 maps to package 0 core 41 thread 3 
OMP: Info #171: KMP_AFFINITY: OS proc 40 maps to package 0 core 42 thread 0 
OMP: Info #171: KMP_AFFINITY: OS proc 112 maps to package 0 core 42 thread 1 
OMP: Info #171: KMP_AFFINITY: OS proc 184 maps to package 0 core 42 thread 2 
OMP: Info #171: KMP_AFFINITY: OS proc 256 maps to package 0 core 42 thread 3 
OMP: Info #171: KMP_AFFINITY: OS proc 41 maps to package 0 core 43 thread 0 
OMP: Info #171: KMP_AFFINITY: OS proc 113 maps to package 0 core 43 thread 1 
OMP: Info #171: KMP_AFFINITY: OS proc 185 maps to package 0 core 43 thread 2 
OMP: Info #171: KMP_AFFINITY: OS proc 257 maps to package 0 core 43 thread 3 
OMP: Info #171: KMP_AFFINITY: OS proc 42 maps to package 0 core 44 thread 0 
OMP: Info #171: KMP_AFFINITY: OS proc 114 maps to package 0 core 44 thread 1 
OMP: Info #171: KMP_AFFINITY: OS proc 186 maps to package 0 core 44 thread 2 
OMP: Info #171: KMP_AFFINITY: OS proc 258 maps to package 0 core 44 thread 3 
OMP: Info #171: KMP_AFFINITY: OS proc 43 maps to package 0 core 45 thread 0 
OMP: Info #171: KMP_AFFINITY: OS proc 115 maps to package 0 core 45 thread 1 
OMP: Info #171: KMP_AFFINITY: OS proc 187 maps to package 0 core 45 thread 2 
OMP: Info #171: KMP_AFFINITY: OS proc 259 maps to package 0 core 45 thread 3 
OMP: Info #171: KMP_AFFINITY: OS proc 44 maps to package 0 core 46 thread 0 
OMP: Info #171: KMP_AFFINITY: OS proc 116 maps to package 0 core 46 thread 1 
OMP: Info #171: KMP_AFFINITY: OS proc 188 maps to package 0 core 46 thread 2 
OMP: Info #171: KMP_AFFINITY: OS proc 260 maps to package 0 core 46 thread 3 
OMP: Info #171: KMP_AFFINITY: OS proc 45 maps to package 0 core 47 thread 0 
OMP: Info #171: KMP_AFFINITY: OS proc 117 maps to package 0 core 47 thread 1 
OMP: Info #171: KMP_AFFINITY: OS proc 189 maps to package 0 core 47 thread 2 
OMP: Info #171: KMP_AFFINITY: OS proc 261 maps to package 0 core 47 thread 3 
OMP: Info #171: KMP_AFFINITY: OS proc 46 maps to package 0 core 48 thread 0 
OMP: Info #171: KMP_AFFINITY: OS proc 118 maps to package 0 core 48 thread 1 
OMP: Info #171: KMP_AFFINITY: OS proc 190 maps to package 0 core 48 thread 2 
OMP: Info #171: KMP_AFFINITY: OS proc 262 maps to package 0 core 48 thread 3 
OMP: Info #171: KMP_AFFINITY: OS proc 47 maps to package 0 core 49 thread 0 
OMP: Info #171: KMP_AFFINITY: OS proc 119 maps to package 0 core 49 thread 1 
OMP: Info #171: KMP_AFFINITY: OS proc 191 maps to package 0 core 49 thread 2 
OMP: Info #171: KMP_AFFINITY: OS proc 263 maps to package 0 core 49 thread 3 
OMP: Info #171: KMP_AFFINITY: OS proc 48 maps to package 0 core 50 thread 0 
OMP: Info #171: KMP_AFFINITY: OS proc 120 maps to package 0 core 50 thread 1 
OMP: Info #171: KMP_AFFINITY: OS proc 192 maps to package 0 core 50 thread 2 
OMP: Info #171: KMP_AFFINITY: OS proc 264 maps to package 0 core 50 thread 3 
OMP: Info #171: KMP_AFFINITY: OS proc 49 maps to package 0 core 51 thread 0 
OMP: Info #171: KMP_AFFINITY: OS proc 121 maps to package 0 core 51 thread 1 
OMP: Info #171: KMP_AFFINITY: OS proc 193 maps to package 0 core 51 thread 2 
OMP: Info #171: KMP_AFFINITY: OS proc 265 maps to package 0 core 51 thread 3 
OMP: Info #171: KMP_AFFINITY: OS proc 50 maps to package 0 core 52 thread 0 
OMP: Info #171: KMP_AFFINITY: OS proc 122 maps to package 0 core 52 thread 1 
OMP: Info #171: KMP_AFFINITY: OS proc 194 maps to package 0 core 52 thread 2 
OMP: Info #171: KMP_AFFINITY: OS proc 266 maps to package 0 core 52 thread 3 
OMP: Info #171: KMP_AFFINITY: OS proc 51 maps to package 0 core 53 thread 0 
OMP: Info #171: KMP_AFFINITY: OS proc 123 maps to package 0 core 53 thread 1 
OMP: Info #171: KMP_AFFINITY: OS proc 195 maps to package 0 core 53 thread 2 
OMP: Info #171: KMP_AFFINITY: OS proc 267 maps to package 0 core 53 thread 3 
OMP: Info #171: KMP_AFFINITY: OS proc 52 maps to package 0 core 54 thread 0 
OMP: Info #171: KMP_AFFINITY: OS proc 124 maps to package 0 core 54 thread 1 
OMP: Info #171: KMP_AFFINITY: OS proc 196 maps to package 0 core 54 thread 2 
OMP: Info #171: KMP_AFFINITY: OS proc 268 maps to package 0 core 54 thread 3 
OMP: Info #171: KMP_AFFINITY: OS proc 53 maps to package 0 core 55 thread 0 
OMP: Info #171: KMP_AFFINITY: OS proc 125 maps to package 0 core 55 thread 1 
OMP: Info #171: KMP_AFFINITY: OS proc 197 maps to package 0 core 55 thread 2 
OMP: Info #171: KMP_AFFINITY: OS proc 269 maps to package 0 core 55 thread 3 
OMP: Info #171: KMP_AFFINITY: OS proc 54 maps to package 0 core 56 thread 0 
OMP: Info #171: KMP_AFFINITY: OS proc 126 maps to package 0 core 56 thread 1 
OMP: Info #171: KMP_AFFINITY: OS proc 198 maps to package 0 core 56 thread 2 
OMP: Info #171: KMP_AFFINITY: OS proc 270 maps to package 0 core 56 thread 3 
OMP: Info #171: KMP_AFFINITY: OS proc 55 maps to package 0 core 57 thread 0 
OMP: Info #171: KMP_AFFINITY: OS proc 127 maps to package 0 core 57 thread 1 
OMP: Info #171: KMP_AFFINITY: OS proc 199 maps to package 0 core 57 thread 2 
OMP: Info #171: KMP_AFFINITY: OS proc 271 maps to package 0 core 57 thread 3 
OMP: Info #171: KMP_AFFINITY: OS proc 56 maps to package 0 core 58 thread 0 
OMP: Info #171: KMP_AFFINITY: OS proc 128 maps to package 0 core 58 thread 1 
OMP: Info #171: KMP_AFFINITY: OS proc 200 maps to package 0 core 58 thread 2 
OMP: Info #171: KMP_AFFINITY: OS proc 272 maps to package 0 core 58 thread 3 
OMP: Info #171: KMP_AFFINITY: OS proc 57 maps to package 0 core 59 thread 0 
OMP: Info #171: KMP_AFFINITY: OS proc 129 maps to package 0 core 59 thread 1 
OMP: Info #171: KMP_AFFINITY: OS proc 201 maps to package 0 core 59 thread 2 
OMP: Info #171: KMP_AFFINITY: OS proc 273 maps to package 0 core 59 thread 3 
OMP: Info #171: KMP_AFFINITY: OS proc 58 maps to package 0 core 60 thread 0 
OMP: Info #171: KMP_AFFINITY: OS proc 130 maps to package 0 core 60 thread 1 
OMP: Info #171: KMP_AFFINITY: OS proc 202 maps to package 0 core 60 thread 2 
OMP: Info #171: KMP_AFFINITY: OS proc 274 maps to package 0 core 60 thread 3 
OMP: Info #171: KMP_AFFINITY: OS proc 59 maps to package 0 core 61 thread 0 
OMP: Info #171: KMP_AFFINITY: OS proc 131 maps to package 0 core 61 thread 1 
OMP: Info #171: KMP_AFFINITY: OS proc 203 maps to package 0 core 61 thread 2 
OMP: Info #171: KMP_AFFINITY: OS proc 275 maps to package 0 core 61 thread 3 
OMP: Info #171: KMP_AFFINITY: OS proc 60 maps to package 0 core 62 thread 0 
OMP: Info #171: KMP_AFFINITY: OS proc 132 maps to package 0 core 62 thread 1 
OMP: Info #171: KMP_AFFINITY: OS proc 204 maps to package 0 core 62 thread 2 
OMP: Info #171: KMP_AFFINITY: OS proc 276 maps to package 0 core 62 thread 3 
OMP: Info #171: KMP_AFFINITY: OS proc 61 maps to package 0 core 63 thread 0 
OMP: Info #171: KMP_AFFINITY: OS proc 133 maps to package 0 core 63 thread 1 
OMP: Info #171: KMP_AFFINITY: OS proc 205 maps to package 0 core 63 thread 2 
OMP: Info #171: KMP_AFFINITY: OS proc 277 maps to package 0 core 63 thread 3 
OMP: Info #171: KMP_AFFINITY: OS proc 62 maps to package 0 core 64 thread 0 
OMP: Info #171: KMP_AFFINITY: OS proc 134 maps to package 0 core 64 thread 1 
OMP: Info #171: KMP_AFFINITY: OS proc 206 maps to package 0 core 64 thread 2 
OMP: Info #171: KMP_AFFINITY: OS proc 278 maps to package 0 core 64 thread 3 
OMP: Info #171: KMP_AFFINITY: OS proc 63 maps to package 0 core 65 thread 0 
OMP: Info #171: KMP_AFFINITY: OS proc 135 maps to package 0 core 65 thread 1 
OMP: Info #171: KMP_AFFINITY: OS proc 207 maps to package 0 core 65 thread 2 
OMP: Info #171: KMP_AFFINITY: OS proc 279 maps to package 0 core 65 thread 3 
OMP: Info #171: KMP_AFFINITY: OS proc 64 maps to package 0 core 66 thread 0 
OMP: Info #171: KMP_AFFINITY: OS proc 136 maps to package 0 core 66 thread 1 
OMP: Info #171: KMP_AFFINITY: OS proc 208 maps to package 0 core 66 thread 2 
OMP: Info #171: KMP_AFFINITY: OS proc 280 maps to package 0 core 66 thread 3 
OMP: Info #171: KMP_AFFINITY: OS proc 65 maps to package 0 core 67 thread 0 
OMP: Info #171: KMP_AFFINITY: OS proc 137 maps to package 0 core 67 thread 1 
OMP: Info #171: KMP_AFFINITY: OS proc 209 maps to package 0 core 67 thread 2 
OMP: Info #171: KMP_AFFINITY: OS proc 281 maps to package 0 core 67 thread 3 
OMP: Info #171: KMP_AFFINITY: OS proc 66 maps to package 0 core 68 thread 0 
OMP: Info #171: KMP_AFFINITY: OS proc 138 maps to package 0 core 68 thread 1 
OMP: Info #171: KMP_AFFINITY: OS proc 210 maps to package 0 core 68 thread 2 
OMP: Info #171: KMP_AFFINITY: OS proc 282 maps to package 0 core 68 thread 3 
OMP: Info #171: KMP_AFFINITY: OS proc 67 maps to package 0 core 69 thread 0 
OMP: Info #171: KMP_AFFINITY: OS proc 139 maps to package 0 core 69 thread 1 
OMP: Info #171: KMP_AFFINITY: OS proc 211 maps to package 0 core 69 thread 2 
OMP: Info #171: KMP_AFFINITY: OS proc 283 maps to package 0 core 69 thread 3 
OMP: Info #171: KMP_AFFINITY: OS proc 68 maps to package 0 core 70 thread 0 
OMP: Info #171: KMP_AFFINITY: OS proc 140 maps to package 0 core 70 thread 1 
OMP: Info #171: KMP_AFFINITY: OS proc 212 maps to package 0 core 70 thread 2 
OMP: Info #171: KMP_AFFINITY: OS proc 284 maps to package 0 core 70 thread 3 
OMP: Info #171: KMP_AFFINITY: OS proc 69 maps to package 0 core 71 thread 0 
OMP: Info #171: KMP_AFFINITY: OS proc 141 maps to package 0 core 71 thread 1 
OMP: Info #171: KMP_AFFINITY: OS proc 213 maps to package 0 core 71 thread 2 
OMP: Info #171: KMP_AFFINITY: OS proc 285 maps to package 0 core 71 thread 3 
OMP: Info #171: KMP_AFFINITY: OS proc 70 maps to package 0 core 72 thread 0 
OMP: Info #171: KMP_AFFINITY: OS proc 142 maps to package 0 core 72 thread 1 
OMP: Info #171: KMP_AFFINITY: OS proc 214 maps to package 0 core 72 thread 2 
OMP: Info #171: KMP_AFFINITY: OS proc 286 maps to package 0 core 72 thread 3 
OMP: Info #171: KMP_AFFINITY: OS proc 71 maps to package 0 core 73 thread 0 
OMP: Info #171: KMP_AFFINITY: OS proc 143 maps to package 0 core 73 thread 1 
OMP: Info #171: KMP_AFFINITY: OS proc 215 maps to package 0 core 73 thread 2 
OMP: Info #171: KMP_AFFINITY: OS proc 287 maps to package 0 core 73 thread 3 
OMP: Info #242: KMP_AFFINITY: pid 13400 thread 0 bound to OS proc set {0}
OMP: Info #242: KMP_AFFINITY: pid 13400 thread 1 bound to OS proc set {1}
OMP: Info #242: KMP_AFFINITY: pid 13400 thread 3 bound to OS proc set {3}
OMP: Info #242: KMP_AFFINITY: pid 13400 thread 4 bound to OS proc set {4}
OMP: Info #242: KMP_AFFINITY: pid 13400 thread 5 bound to OS proc set {5}
OMP: Info #242: KMP_AFFINITY: pid 13400 thread 2 bound to OS proc set {2}
OMP: Info #242: KMP_AFFINITY: pid 13400 thread 6 bound to OS proc set {6}
OMP: Info #242: KMP_AFFINITY: pid 13400 thread 7 bound to OS proc set {7}
OMP: Info #242: KMP_AFFINITY: pid 13400 thread 8 bound to OS proc set {8}
OMP: Info #242: KMP_AFFINITY: pid 13400 thread 9 bound to OS proc set {9}
OMP: Info #242: KMP_AFFINITY: pid 13400 thread 10 bound to OS proc set {10}
OMP: Info #242: KMP_AFFINITY: pid 13400 thread 11 bound to OS proc set {11}
OMP: Info #242: KMP_AFFINITY: pid 13400 thread 12 bound to OS proc set {12}
OMP: Info #242: KMP_AFFINITY: pid 13400 thread 13 bound to OS proc set {13}
OMP: Info #242: KMP_AFFINITY: pid 13400 thread 14 bound to OS proc set {14}
OMP: Info #242: KMP_AFFINITY: pid 13400 thread 15 bound to OS proc set {15}
OMP: Info #242: KMP_AFFINITY: pid 13400 thread 16 bound to OS proc set {16}
OMP: Info #242: KMP_AFFINITY: pid 13400 thread 17 bound to OS proc set {17}
OMP: Info #242: KMP_AFFINITY: pid 13400 thread 18 bound to OS proc set {18}
OMP: Info #242: KMP_AFFINITY: pid 13400 thread 19 bound to OS proc set {19}
OMP: Info #242: KMP_AFFINITY: pid 13400 thread 21 bound to OS proc set {21}
OMP: Info #242: KMP_AFFINITY: pid 13400 thread 22 bound to OS proc set {22}
OMP: Info #242: KMP_AFFINITY: pid 13400 thread 23 bound to OS proc set {23}
OMP: Info #242: KMP_AFFINITY: pid 13400 thread 24 bound to OS proc set {24}
OMP: Info #242: KMP_AFFINITY: pid 13400 thread 20 bound to OS proc set {20}
OMP: Info #242: KMP_AFFINITY: pid 13400 thread 26 bound to OS proc set {26}
OMP: Info #242: KMP_AFFINITY: pid 13400 thread 27 bound to OS proc set {27}
OMP: Info #242: KMP_AFFINITY: pid 13400 thread 28 bound to OS proc set {28}
OMP: Info #242: KMP_AFFINITY: pid 13400 thread 25 bound to OS proc set {25}
OMP: Info #242: KMP_AFFINITY: pid 13400 thread 29 bound to OS proc set {29}
OMP: Info #242: KMP_AFFINITY: pid 13400 thread 30 bound to OS proc set {30}
OMP: Info #242: KMP_AFFINITY: pid 13400 thread 31 bound to OS proc set {31}
OMP: Info #242: KMP_AFFINITY: pid 13400 thread 32 bound to OS proc set {32}
OMP: Info #242: KMP_AFFINITY: pid 13400 thread 33 bound to OS proc set {33}
OMP: Info #242: KMP_AFFINITY: pid 13400 thread 34 bound to OS proc set {34}
OMP: Info #242: KMP_AFFINITY: pid 13400 thread 36 bound to OS proc set {36}
OMP: Info #242: KMP_AFFINITY: pid 13400 thread 35 bound to OS proc set {35}
OMP: Info #242: KMP_AFFINITY: pid 13400 thread 37 bound to OS proc set {37}
OMP: Info #242: KMP_AFFINITY: pid 13400 thread 38 bound to OS proc set {38}
OMP: Info #242: KMP_AFFINITY: pid 13400 thread 39 bound to OS proc set {39}
OMP: Info #242: KMP_AFFINITY: pid 13400 thread 40 bound to OS proc set {40}
OMP: Info #242: KMP_AFFINITY: pid 13400 thread 41 bound to OS proc set {41}
OMP: Info #242: KMP_AFFINITY: pid 13400 thread 42 bound to OS proc set {42}
OMP: Info #242: KMP_AFFINITY: pid 13400 thread 43 bound to OS proc set {43}
OMP: Info #242: KMP_AFFINITY: pid 13400 thread 44 bound to OS proc set {44}
OMP: Info #242: KMP_AFFINITY: pid 13400 thread 45 bound to OS proc set {45}
OMP: Info #242: KMP_AFFINITY: pid 13400 thread 46 bound to OS proc set {46}
OMP: Info #242: KMP_AFFINITY: pid 13400 thread 47 bound to OS proc set {47}
OMP: Info #242: KMP_AFFINITY: pid 13400 thread 48 bound to OS proc set {48}
OMP: Info #242: KMP_AFFINITY: pid 13400 thread 49 bound to OS proc set {49}
OMP: Info #242: KMP_AFFINITY: pid 13400 thread 50 bound to OS proc set {50}
OMP: Info #242: KMP_AFFINITY: pid 13400 thread 51 bound to OS proc set {51}
OMP: Info #242: KMP_AFFINITY: pid 13400 thread 52 bound to OS proc set {52}
OMP: Info #242: KMP_AFFINITY: pid 13400 thread 53 bound to OS proc set {53}
OMP: Info #242: KMP_AFFINITY: pid 13400 thread 54 bound to OS proc set {54}
OMP: Info #242: KMP_AFFINITY: pid 13400 thread 55 bound to OS proc set {55}
OMP: Info #242: KMP_AFFINITY: pid 13400 thread 56 bound to OS proc set {56}
OMP: Info #242: KMP_AFFINITY: pid 13400 thread 57 bound to OS proc set {57}
OMP: Info #242: KMP_AFFINITY: pid 13400 thread 58 bound to OS proc set {58}
OMP: Info #242: KMP_AFFINITY: pid 13400 thread 59 bound to OS proc set {59}
OMP: Info #242: KMP_AFFINITY: pid 13400 thread 60 bound to OS proc set {60}
OMP: Info #242: KMP_AFFINITY: pid 13400 thread 61 bound to OS proc set {61}
OMP: Info #242: KMP_AFFINITY: pid 13400 thread 62 bound to OS proc set {62}
OMP: Info #242: KMP_AFFINITY: pid 13400 thread 63 bound to OS proc set {63}
OMP: Info #242: KMP_AFFINITY: pid 13400 thread 64 bound to OS proc set {64}
OMP: Info #242: KMP_AFFINITY: pid 13400 thread 65 bound to OS proc set {65}
OMP: Info #242: KMP_AFFINITY: pid 13400 thread 67 bound to OS proc set {67}
OMP: Info #242: KMP_AFFINITY: pid 13400 thread 68 bound to OS proc set {68}
OMP: Info #242: KMP_AFFINITY: pid 13400 thread 70 bound to OS proc set {70}
OMP: Info #242: KMP_AFFINITY: pid 13400 thread 71 bound to OS proc set {71}
OMP: Info #242: KMP_AFFINITY: pid 13400 thread 69 bound to OS proc set {69}
OMP: Info #242: KMP_AFFINITY: pid 13400 thread 66 bound to OS proc set {66}
1.921, 22483.528 
2.004, 21554.567 
2.014, 21451.312 
2.011, 21481.442 
2.012, 21470.229 
2.011, 21480.971 
2.015, 21438.451 
2.015, 21438.281 
2.007, 21522.920 
2.008, 21515.628 
::p, NN, 50000, 50000, 8640, 1.00000, 1.00000, 21579.653 
mdiv=1, ndiv=1, kdiv=1 
-- Intel(R) Math Kernel Library Version 2018.0.0 Product Build 20170528 for Intel(R) 64 architecture applications -- 
usage: ./executable m n k NN alhpa beta repeat rest zeros
m=50000, n=50000, k=4320, transab=NN, alpha=1, beta=1, repeat=10, rest=0 (milliseconds), zeros=0 -- ldc=50064 
OMP: Info #204: KMP_AFFINITY: decoding x2APIC ids.
OMP: Info #202: KMP_AFFINITY: Affinity capable, using global cpuid leaf 11 info
OMP: Info #154: KMP_AFFINITY: Initial OS proc set respected: {0,1,2,3,4,5,6,7,8,9,10,11,12,13,14,15,16,17,18,19,20,21,22,23,24,25,26,27,28,29,30,31,32,33,34,35,36,37,38,39,40,41,42,43,44,45,46,47,48,49,50,51,52,53,54,55,56,57,58,59,60,61,62,63,64,65,66,67,68,69,70,71,72,73,74,75,76,77,78,79,80,81,82,83,84,85,86,87,88,89,90,91,92,93,94,95,96,97,98,99,100,101,102,103,104,105,106,107,108,109,110,111,112,113,114,115,116,117,118,119,120,121,122,123,124,125,126,127,128,129,130,131,132,133,134,135,136,137,138,139,140,141,142,143,144,145,146,147,148,149,150,151,152,153,154,155,156,157,158,159,160,161,162,163,164,165,166,167,168,169,170,171,172,173,174,175,176,177,178,179,180,181,182,183,184,185,186,187,188,189,190,191,192,193,194,195,196,197,198,199,200,201,202,203,204,205,206,207,208,209,210,211,212,213,214,215,216,217,218,219,220,221,222,223,224,225,226,227,228,229,230,231,232,233,234,235,236,237,238,239,240,241,242,243,244,245,246,247,248,249,250,251,252,253,254,255,256,257,258,259,260,261,262,263,264,265,266,267,268,269,270,271,272,273,274,275,276,277,278,279,...}
OMP: Info #156: KMP_AFFINITY: 288 available OS procs
OMP: Info #157: KMP_AFFINITY: Uniform topology
OMP: Info #179: KMP_AFFINITY: 1 packages x 72 cores/pkg x 4 threads/core (72 total cores)
OMP: Info #206: KMP_AFFINITY: OS proc to physical thread map:
OMP: Info #171: KMP_AFFINITY: OS proc 0 maps to package 0 core 0 thread 0 
OMP: Info #171: KMP_AFFINITY: OS proc 72 maps to package 0 core 0 thread 1 
OMP: Info #171: KMP_AFFINITY: OS proc 144 maps to package 0 core 0 thread 2 
OMP: Info #171: KMP_AFFINITY: OS proc 216 maps to package 0 core 0 thread 3 
OMP: Info #171: KMP_AFFINITY: OS proc 1 maps to package 0 core 1 thread 0 
OMP: Info #171: KMP_AFFINITY: OS proc 73 maps to package 0 core 1 thread 1 
OMP: Info #171: KMP_AFFINITY: OS proc 145 maps to package 0 core 1 thread 2 
OMP: Info #171: KMP_AFFINITY: OS proc 217 maps to package 0 core 1 thread 3 
OMP: Info #171: KMP_AFFINITY: OS proc 2 maps to package 0 core 2 thread 0 
OMP: Info #171: KMP_AFFINITY: OS proc 74 maps to package 0 core 2 thread 1 
OMP: Info #171: KMP_AFFINITY: OS proc 146 maps to package 0 core 2 thread 2 
OMP: Info #171: KMP_AFFINITY: OS proc 218 maps to package 0 core 2 thread 3 
OMP: Info #171: KMP_AFFINITY: OS proc 3 maps to package 0 core 3 thread 0 
OMP: Info #171: KMP_AFFINITY: OS proc 75 maps to package 0 core 3 thread 1 
OMP: Info #171: KMP_AFFINITY: OS proc 147 maps to package 0 core 3 thread 2 
OMP: Info #171: KMP_AFFINITY: OS proc 219 maps to package 0 core 3 thread 3 
OMP: Info #171: KMP_AFFINITY: OS proc 4 maps to package 0 core 4 thread 0 
OMP: Info #171: KMP_AFFINITY: OS proc 76 maps to package 0 core 4 thread 1 
OMP: Info #171: KMP_AFFINITY: OS proc 148 maps to package 0 core 4 thread 2 
OMP: Info #171: KMP_AFFINITY: OS proc 220 maps to package 0 core 4 thread 3 
OMP: Info #171: KMP_AFFINITY: OS proc 5 maps to package 0 core 5 thread 0 
OMP: Info #171: KMP_AFFINITY: OS proc 77 maps to package 0 core 5 thread 1 
OMP: Info #171: KMP_AFFINITY: OS proc 149 maps to package 0 core 5 thread 2 
OMP: Info #171: KMP_AFFINITY: OS proc 221 maps to package 0 core 5 thread 3 
OMP: Info #171: KMP_AFFINITY: OS proc 6 maps to package 0 core 6 thread 0 
OMP: Info #171: KMP_AFFINITY: OS proc 78 maps to package 0 core 6 thread 1 
OMP: Info #171: KMP_AFFINITY: OS proc 150 maps to package 0 core 6 thread 2 
OMP: Info #171: KMP_AFFINITY: OS proc 222 maps to package 0 core 6 thread 3 
OMP: Info #171: KMP_AFFINITY: OS proc 7 maps to package 0 core 7 thread 0 
OMP: Info #171: KMP_AFFINITY: OS proc 79 maps to package 0 core 7 thread 1 
OMP: Info #171: KMP_AFFINITY: OS proc 151 maps to package 0 core 7 thread 2 
OMP: Info #171: KMP_AFFINITY: OS proc 223 maps to package 0 core 7 thread 3 
OMP: Info #171: KMP_AFFINITY: OS proc 8 maps to package 0 core 8 thread 0 
OMP: Info #171: KMP_AFFINITY: OS proc 80 maps to package 0 core 8 thread 1 
OMP: Info #171: KMP_AFFINITY: OS proc 152 maps to package 0 core 8 thread 2 
OMP: Info #171: KMP_AFFINITY: OS proc 224 maps to package 0 core 8 thread 3 
OMP: Info #171: KMP_AFFINITY: OS proc 9 maps to package 0 core 9 thread 0 
OMP: Info #171: KMP_AFFINITY: OS proc 81 maps to package 0 core 9 thread 1 
OMP: Info #171: KMP_AFFINITY: OS proc 153 maps to package 0 core 9 thread 2 
OMP: Info #171: KMP_AFFINITY: OS proc 225 maps to package 0 core 9 thread 3 
OMP: Info #171: KMP_AFFINITY: OS proc 10 maps to package 0 core 10 thread 0 
OMP: Info #171: KMP_AFFINITY: OS proc 82 maps to package 0 core 10 thread 1 
OMP: Info #171: KMP_AFFINITY: OS proc 154 maps to package 0 core 10 thread 2 
OMP: Info #171: KMP_AFFINITY: OS proc 226 maps to package 0 core 10 thread 3 
OMP: Info #171: KMP_AFFINITY: OS proc 11 maps to package 0 core 11 thread 0 
OMP: Info #171: KMP_AFFINITY: OS proc 83 maps to package 0 core 11 thread 1 
OMP: Info #171: KMP_AFFINITY: OS proc 155 maps to package 0 core 11 thread 2 
OMP: Info #171: KMP_AFFINITY: OS proc 227 maps to package 0 core 11 thread 3 
OMP: Info #171: KMP_AFFINITY: OS proc 12 maps to package 0 core 12 thread 0 
OMP: Info #171: KMP_AFFINITY: OS proc 84 maps to package 0 core 12 thread 1 
OMP: Info #171: KMP_AFFINITY: OS proc 156 maps to package 0 core 12 thread 2 
OMP: Info #171: KMP_AFFINITY: OS proc 228 maps to package 0 core 12 thread 3 
OMP: Info #171: KMP_AFFINITY: OS proc 13 maps to package 0 core 13 thread 0 
OMP: Info #171: KMP_AFFINITY: OS proc 85 maps to package 0 core 13 thread 1 
OMP: Info #171: KMP_AFFINITY: OS proc 157 maps to package 0 core 13 thread 2 
OMP: Info #171: KMP_AFFINITY: OS proc 229 maps to package 0 core 13 thread 3 
OMP: Info #171: KMP_AFFINITY: OS proc 14 maps to package 0 core 14 thread 0 
OMP: Info #171: KMP_AFFINITY: OS proc 86 maps to package 0 core 14 thread 1 
OMP: Info #171: KMP_AFFINITY: OS proc 158 maps to package 0 core 14 thread 2 
OMP: Info #171: KMP_AFFINITY: OS proc 230 maps to package 0 core 14 thread 3 
OMP: Info #171: KMP_AFFINITY: OS proc 15 maps to package 0 core 15 thread 0 
OMP: Info #171: KMP_AFFINITY: OS proc 87 maps to package 0 core 15 thread 1 
OMP: Info #171: KMP_AFFINITY: OS proc 159 maps to package 0 core 15 thread 2 
OMP: Info #171: KMP_AFFINITY: OS proc 231 maps to package 0 core 15 thread 3 
OMP: Info #171: KMP_AFFINITY: OS proc 16 maps to package 0 core 18 thread 0 
OMP: Info #171: KMP_AFFINITY: OS proc 88 maps to package 0 core 18 thread 1 
OMP: Info #171: KMP_AFFINITY: OS proc 160 maps to package 0 core 18 thread 2 
OMP: Info #171: KMP_AFFINITY: OS proc 232 maps to package 0 core 18 thread 3 
OMP: Info #171: KMP_AFFINITY: OS proc 17 maps to package 0 core 19 thread 0 
OMP: Info #171: KMP_AFFINITY: OS proc 89 maps to package 0 core 19 thread 1 
OMP: Info #171: KMP_AFFINITY: OS proc 161 maps to package 0 core 19 thread 2 
OMP: Info #171: KMP_AFFINITY: OS proc 233 maps to package 0 core 19 thread 3 
OMP: Info #171: KMP_AFFINITY: OS proc 18 maps to package 0 core 20 thread 0 
OMP: Info #171: KMP_AFFINITY: OS proc 90 maps to package 0 core 20 thread 1 
OMP: Info #171: KMP_AFFINITY: OS proc 162 maps to package 0 core 20 thread 2 
OMP: Info #171: KMP_AFFINITY: OS proc 234 maps to package 0 core 20 thread 3 
OMP: Info #171: KMP_AFFINITY: OS proc 19 maps to package 0 core 21 thread 0 
OMP: Info #171: KMP_AFFINITY: OS proc 91 maps to package 0 core 21 thread 1 
OMP: Info #171: KMP_AFFINITY: OS proc 163 maps to package 0 core 21 thread 2 
OMP: Info #171: KMP_AFFINITY: OS proc 235 maps to package 0 core 21 thread 3 
OMP: Info #171: KMP_AFFINITY: OS proc 20 maps to package 0 core 22 thread 0 
OMP: Info #171: KMP_AFFINITY: OS proc 92 maps to package 0 core 22 thread 1 
OMP: Info #171: KMP_AFFINITY: OS proc 164 maps to package 0 core 22 thread 2 
OMP: Info #171: KMP_AFFINITY: OS proc 236 maps to package 0 core 22 thread 3 
OMP: Info #171: KMP_AFFINITY: OS proc 21 maps to package 0 core 23 thread 0 
OMP: Info #171: KMP_AFFINITY: OS proc 93 maps to package 0 core 23 thread 1 
OMP: Info #171: KMP_AFFINITY: OS proc 165 maps to package 0 core 23 thread 2 
OMP: Info #171: KMP_AFFINITY: OS proc 237 maps to package 0 core 23 thread 3 
OMP: Info #171: KMP_AFFINITY: OS proc 22 maps to package 0 core 24 thread 0 
OMP: Info #171: KMP_AFFINITY: OS proc 94 maps to package 0 core 24 thread 1 
OMP: Info #171: KMP_AFFINITY: OS proc 166 maps to package 0 core 24 thread 2 
OMP: Info #171: KMP_AFFINITY: OS proc 238 maps to package 0 core 24 thread 3 
OMP: Info #171: KMP_AFFINITY: OS proc 23 maps to package 0 core 25 thread 0 
OMP: Info #171: KMP_AFFINITY: OS proc 95 maps to package 0 core 25 thread 1 
OMP: Info #171: KMP_AFFINITY: OS proc 167 maps to package 0 core 25 thread 2 
OMP: Info #171: KMP_AFFINITY: OS proc 239 maps to package 0 core 25 thread 3 
OMP: Info #171: KMP_AFFINITY: OS proc 24 maps to package 0 core 26 thread 0 
OMP: Info #171: KMP_AFFINITY: OS proc 96 maps to package 0 core 26 thread 1 
OMP: Info #171: KMP_AFFINITY: OS proc 168 maps to package 0 core 26 thread 2 
OMP: Info #171: KMP_AFFINITY: OS proc 240 maps to package 0 core 26 thread 3 
OMP: Info #171: KMP_AFFINITY: OS proc 25 maps to package 0 core 27 thread 0 
OMP: Info #171: KMP_AFFINITY: OS proc 97 maps to package 0 core 27 thread 1 
OMP: Info #171: KMP_AFFINITY: OS proc 169 maps to package 0 core 27 thread 2 
OMP: Info #171: KMP_AFFINITY: OS proc 241 maps to package 0 core 27 thread 3 
OMP: Info #171: KMP_AFFINITY: OS proc 26 maps to package 0 core 28 thread 0 
OMP: Info #171: KMP_AFFINITY: OS proc 98 maps to package 0 core 28 thread 1 
OMP: Info #171: KMP_AFFINITY: OS proc 170 maps to package 0 core 28 thread 2 
OMP: Info #171: KMP_AFFINITY: OS proc 242 maps to package 0 core 28 thread 3 
OMP: Info #171: KMP_AFFINITY: OS proc 27 maps to package 0 core 29 thread 0 
OMP: Info #171: KMP_AFFINITY: OS proc 99 maps to package 0 core 29 thread 1 
OMP: Info #171: KMP_AFFINITY: OS proc 171 maps to package 0 core 29 thread 2 
OMP: Info #171: KMP_AFFINITY: OS proc 243 maps to package 0 core 29 thread 3 
OMP: Info #171: KMP_AFFINITY: OS proc 28 maps to package 0 core 30 thread 0 
OMP: Info #171: KMP_AFFINITY: OS proc 100 maps to package 0 core 30 thread 1 
OMP: Info #171: KMP_AFFINITY: OS proc 172 maps to package 0 core 30 thread 2 
OMP: Info #171: KMP_AFFINITY: OS proc 244 maps to package 0 core 30 thread 3 
OMP: Info #171: KMP_AFFINITY: OS proc 29 maps to package 0 core 31 thread 0 
OMP: Info #171: KMP_AFFINITY: OS proc 101 maps to package 0 core 31 thread 1 
OMP: Info #171: KMP_AFFINITY: OS proc 173 maps to package 0 core 31 thread 2 
OMP: Info #171: KMP_AFFINITY: OS proc 245 maps to package 0 core 31 thread 3 
OMP: Info #171: KMP_AFFINITY: OS proc 30 maps to package 0 core 32 thread 0 
OMP: Info #171: KMP_AFFINITY: OS proc 102 maps to package 0 core 32 thread 1 
OMP: Info #171: KMP_AFFINITY: OS proc 174 maps to package 0 core 32 thread 2 
OMP: Info #171: KMP_AFFINITY: OS proc 246 maps to package 0 core 32 thread 3 
OMP: Info #171: KMP_AFFINITY: OS proc 31 maps to package 0 core 33 thread 0 
OMP: Info #171: KMP_AFFINITY: OS proc 103 maps to package 0 core 33 thread 1 
OMP: Info #171: KMP_AFFINITY: OS proc 175 maps to package 0 core 33 thread 2 
OMP: Info #171: KMP_AFFINITY: OS proc 247 maps to package 0 core 33 thread 3 
OMP: Info #171: KMP_AFFINITY: OS proc 32 maps to package 0 core 34 thread 0 
OMP: Info #171: KMP_AFFINITY: OS proc 104 maps to package 0 core 34 thread 1 
OMP: Info #171: KMP_AFFINITY: OS proc 176 maps to package 0 core 34 thread 2 
OMP: Info #171: KMP_AFFINITY: OS proc 248 maps to package 0 core 34 thread 3 
OMP: Info #171: KMP_AFFINITY: OS proc 33 maps to package 0 core 35 thread 0 
OMP: Info #171: KMP_AFFINITY: OS proc 105 maps to package 0 core 35 thread 1 
OMP: Info #171: KMP_AFFINITY: OS proc 177 maps to package 0 core 35 thread 2 
OMP: Info #171: KMP_AFFINITY: OS proc 249 maps to package 0 core 35 thread 3 
OMP: Info #171: KMP_AFFINITY: OS proc 34 maps to package 0 core 36 thread 0 
OMP: Info #171: KMP_AFFINITY: OS proc 106 maps to package 0 core 36 thread 1 
OMP: Info #171: KMP_AFFINITY: OS proc 178 maps to package 0 core 36 thread 2 
OMP: Info #171: KMP_AFFINITY: OS proc 250 maps to package 0 core 36 thread 3 
OMP: Info #171: KMP_AFFINITY: OS proc 35 maps to package 0 core 37 thread 0 
OMP: Info #171: KMP_AFFINITY: OS proc 107 maps to package 0 core 37 thread 1 
OMP: Info #171: KMP_AFFINITY: OS proc 179 maps to package 0 core 37 thread 2 
OMP: Info #171: KMP_AFFINITY: OS proc 251 maps to package 0 core 37 thread 3 
OMP: Info #171: KMP_AFFINITY: OS proc 36 maps to package 0 core 38 thread 0 
OMP: Info #171: KMP_AFFINITY: OS proc 108 maps to package 0 core 38 thread 1 
OMP: Info #171: KMP_AFFINITY: OS proc 180 maps to package 0 core 38 thread 2 
OMP: Info #171: KMP_AFFINITY: OS proc 252 maps to package 0 core 38 thread 3 
OMP: Info #171: KMP_AFFINITY: OS proc 37 maps to package 0 core 39 thread 0 
OMP: Info #171: KMP_AFFINITY: OS proc 109 maps to package 0 core 39 thread 1 
OMP: Info #171: KMP_AFFINITY: OS proc 181 maps to package 0 core 39 thread 2 
OMP: Info #171: KMP_AFFINITY: OS proc 253 maps to package 0 core 39 thread 3 
OMP: Info #171: KMP_AFFINITY: OS proc 38 maps to package 0 core 40 thread 0 
OMP: Info #171: KMP_AFFINITY: OS proc 110 maps to package 0 core 40 thread 1 
OMP: Info #171: KMP_AFFINITY: OS proc 182 maps to package 0 core 40 thread 2 
OMP: Info #171: KMP_AFFINITY: OS proc 254 maps to package 0 core 40 thread 3 
OMP: Info #171: KMP_AFFINITY: OS proc 39 maps to package 0 core 41 thread 0 
OMP: Info #171: KMP_AFFINITY: OS proc 111 maps to package 0 core 41 thread 1 
OMP: Info #171: KMP_AFFINITY: OS proc 183 maps to package 0 core 41 thread 2 
OMP: Info #171: KMP_AFFINITY: OS proc 255 maps to package 0 core 41 thread 3 
OMP: Info #171: KMP_AFFINITY: OS proc 40 maps to package 0 core 42 thread 0 
OMP: Info #171: KMP_AFFINITY: OS proc 112 maps to package 0 core 42 thread 1 
OMP: Info #171: KMP_AFFINITY: OS proc 184 maps to package 0 core 42 thread 2 
OMP: Info #171: KMP_AFFINITY: OS proc 256 maps to package 0 core 42 thread 3 
OMP: Info #171: KMP_AFFINITY: OS proc 41 maps to package 0 core 43 thread 0 
OMP: Info #171: KMP_AFFINITY: OS proc 113 maps to package 0 core 43 thread 1 
OMP: Info #171: KMP_AFFINITY: OS proc 185 maps to package 0 core 43 thread 2 
OMP: Info #171: KMP_AFFINITY: OS proc 257 maps to package 0 core 43 thread 3 
OMP: Info #171: KMP_AFFINITY: OS proc 42 maps to package 0 core 44 thread 0 
OMP: Info #171: KMP_AFFINITY: OS proc 114 maps to package 0 core 44 thread 1 
OMP: Info #171: KMP_AFFINITY: OS proc 186 maps to package 0 core 44 thread 2 
OMP: Info #171: KMP_AFFINITY: OS proc 258 maps to package 0 core 44 thread 3 
OMP: Info #171: KMP_AFFINITY: OS proc 43 maps to package 0 core 45 thread 0 
OMP: Info #171: KMP_AFFINITY: OS proc 115 maps to package 0 core 45 thread 1 
OMP: Info #171: KMP_AFFINITY: OS proc 187 maps to package 0 core 45 thread 2 
OMP: Info #171: KMP_AFFINITY: OS proc 259 maps to package 0 core 45 thread 3 
OMP: Info #171: KMP_AFFINITY: OS proc 44 maps to package 0 core 46 thread 0 
OMP: Info #171: KMP_AFFINITY: OS proc 116 maps to package 0 core 46 thread 1 
OMP: Info #171: KMP_AFFINITY: OS proc 188 maps to package 0 core 46 thread 2 
OMP: Info #171: KMP_AFFINITY: OS proc 260 maps to package 0 core 46 thread 3 
OMP: Info #171: KMP_AFFINITY: OS proc 45 maps to package 0 core 47 thread 0 
OMP: Info #171: KMP_AFFINITY: OS proc 117 maps to package 0 core 47 thread 1 
OMP: Info #171: KMP_AFFINITY: OS proc 189 maps to package 0 core 47 thread 2 
OMP: Info #171: KMP_AFFINITY: OS proc 261 maps to package 0 core 47 thread 3 
OMP: Info #171: KMP_AFFINITY: OS proc 46 maps to package 0 core 48 thread 0 
OMP: Info #171: KMP_AFFINITY: OS proc 118 maps to package 0 core 48 thread 1 
OMP: Info #171: KMP_AFFINITY: OS proc 190 maps to package 0 core 48 thread 2 
OMP: Info #171: KMP_AFFINITY: OS proc 262 maps to package 0 core 48 thread 3 
OMP: Info #171: KMP_AFFINITY: OS proc 47 maps to package 0 core 49 thread 0 
OMP: Info #171: KMP_AFFINITY: OS proc 119 maps to package 0 core 49 thread 1 
OMP: Info #171: KMP_AFFINITY: OS proc 191 maps to package 0 core 49 thread 2 
OMP: Info #171: KMP_AFFINITY: OS proc 263 maps to package 0 core 49 thread 3 
OMP: Info #171: KMP_AFFINITY: OS proc 48 maps to package 0 core 50 thread 0 
OMP: Info #171: KMP_AFFINITY: OS proc 120 maps to package 0 core 50 thread 1 
OMP: Info #171: KMP_AFFINITY: OS proc 192 maps to package 0 core 50 thread 2 
OMP: Info #171: KMP_AFFINITY: OS proc 264 maps to package 0 core 50 thread 3 
OMP: Info #171: KMP_AFFINITY: OS proc 49 maps to package 0 core 51 thread 0 
OMP: Info #171: KMP_AFFINITY: OS proc 121 maps to package 0 core 51 thread 1 
OMP: Info #171: KMP_AFFINITY: OS proc 193 maps to package 0 core 51 thread 2 
OMP: Info #171: KMP_AFFINITY: OS proc 265 maps to package 0 core 51 thread 3 
OMP: Info #171: KMP_AFFINITY: OS proc 50 maps to package 0 core 52 thread 0 
OMP: Info #171: KMP_AFFINITY: OS proc 122 maps to package 0 core 52 thread 1 
OMP: Info #171: KMP_AFFINITY: OS proc 194 maps to package 0 core 52 thread 2 
OMP: Info #171: KMP_AFFINITY: OS proc 266 maps to package 0 core 52 thread 3 
OMP: Info #171: KMP_AFFINITY: OS proc 51 maps to package 0 core 53 thread 0 
OMP: Info #171: KMP_AFFINITY: OS proc 123 maps to package 0 core 53 thread 1 
OMP: Info #171: KMP_AFFINITY: OS proc 195 maps to package 0 core 53 thread 2 
OMP: Info #171: KMP_AFFINITY: OS proc 267 maps to package 0 core 53 thread 3 
OMP: Info #171: KMP_AFFINITY: OS proc 52 maps to package 0 core 54 thread 0 
OMP: Info #171: KMP_AFFINITY: OS proc 124 maps to package 0 core 54 thread 1 
OMP: Info #171: KMP_AFFINITY: OS proc 196 maps to package 0 core 54 thread 2 
OMP: Info #171: KMP_AFFINITY: OS proc 268 maps to package 0 core 54 thread 3 
OMP: Info #171: KMP_AFFINITY: OS proc 53 maps to package 0 core 55 thread 0 
OMP: Info #171: KMP_AFFINITY: OS proc 125 maps to package 0 core 55 thread 1 
OMP: Info #171: KMP_AFFINITY: OS proc 197 maps to package 0 core 55 thread 2 
OMP: Info #171: KMP_AFFINITY: OS proc 269 maps to package 0 core 55 thread 3 
OMP: Info #171: KMP_AFFINITY: OS proc 54 maps to package 0 core 56 thread 0 
OMP: Info #171: KMP_AFFINITY: OS proc 126 maps to package 0 core 56 thread 1 
OMP: Info #171: KMP_AFFINITY: OS proc 198 maps to package 0 core 56 thread 2 
OMP: Info #171: KMP_AFFINITY: OS proc 270 maps to package 0 core 56 thread 3 
OMP: Info #171: KMP_AFFINITY: OS proc 55 maps to package 0 core 57 thread 0 
OMP: Info #171: KMP_AFFINITY: OS proc 127 maps to package 0 core 57 thread 1 
OMP: Info #171: KMP_AFFINITY: OS proc 199 maps to package 0 core 57 thread 2 
OMP: Info #171: KMP_AFFINITY: OS proc 271 maps to package 0 core 57 thread 3 
OMP: Info #171: KMP_AFFINITY: OS proc 56 maps to package 0 core 58 thread 0 
OMP: Info #171: KMP_AFFINITY: OS proc 128 maps to package 0 core 58 thread 1 
OMP: Info #171: KMP_AFFINITY: OS proc 200 maps to package 0 core 58 thread 2 
OMP: Info #171: KMP_AFFINITY: OS proc 272 maps to package 0 core 58 thread 3 
OMP: Info #171: KMP_AFFINITY: OS proc 57 maps to package 0 core 59 thread 0 
OMP: Info #171: KMP_AFFINITY: OS proc 129 maps to package 0 core 59 thread 1 
OMP: Info #171: KMP_AFFINITY: OS proc 201 maps to package 0 core 59 thread 2 
OMP: Info #171: KMP_AFFINITY: OS proc 273 maps to package 0 core 59 thread 3 
OMP: Info #171: KMP_AFFINITY: OS proc 58 maps to package 0 core 60 thread 0 
OMP: Info #171: KMP_AFFINITY: OS proc 130 maps to package 0 core 60 thread 1 
OMP: Info #171: KMP_AFFINITY: OS proc 202 maps to package 0 core 60 thread 2 
OMP: Info #171: KMP_AFFINITY: OS proc 274 maps to package 0 core 60 thread 3 
OMP: Info #171: KMP_AFFINITY: OS proc 59 maps to package 0 core 61 thread 0 
OMP: Info #171: KMP_AFFINITY: OS proc 131 maps to package 0 core 61 thread 1 
OMP: Info #171: KMP_AFFINITY: OS proc 203 maps to package 0 core 61 thread 2 
OMP: Info #171: KMP_AFFINITY: OS proc 275 maps to package 0 core 61 thread 3 
OMP: Info #171: KMP_AFFINITY: OS proc 60 maps to package 0 core 62 thread 0 
OMP: Info #171: KMP_AFFINITY: OS proc 132 maps to package 0 core 62 thread 1 
OMP: Info #171: KMP_AFFINITY: OS proc 204 maps to package 0 core 62 thread 2 
OMP: Info #171: KMP_AFFINITY: OS proc 276 maps to package 0 core 62 thread 3 
OMP: Info #171: KMP_AFFINITY: OS proc 61 maps to package 0 core 63 thread 0 
OMP: Info #171: KMP_AFFINITY: OS proc 133 maps to package 0 core 63 thread 1 
OMP: Info #171: KMP_AFFINITY: OS proc 205 maps to package 0 core 63 thread 2 
OMP: Info #171: KMP_AFFINITY: OS proc 277 maps to package 0 core 63 thread 3 
OMP: Info #171: KMP_AFFINITY: OS proc 62 maps to package 0 core 64 thread 0 
OMP: Info #171: KMP_AFFINITY: OS proc 134 maps to package 0 core 64 thread 1 
OMP: Info #171: KMP_AFFINITY: OS proc 206 maps to package 0 core 64 thread 2 
OMP: Info #171: KMP_AFFINITY: OS proc 278 maps to package 0 core 64 thread 3 
OMP: Info #171: KMP_AFFINITY: OS proc 63 maps to package 0 core 65 thread 0 
OMP: Info #171: KMP_AFFINITY: OS proc 135 maps to package 0 core 65 thread 1 
OMP: Info #171: KMP_AFFINITY: OS proc 207 maps to package 0 core 65 thread 2 
OMP: Info #171: KMP_AFFINITY: OS proc 279 maps to package 0 core 65 thread 3 
OMP: Info #171: KMP_AFFINITY: OS proc 64 maps to package 0 core 66 thread 0 
OMP: Info #171: KMP_AFFINITY: OS proc 136 maps to package 0 core 66 thread 1 
OMP: Info #171: KMP_AFFINITY: OS proc 208 maps to package 0 core 66 thread 2 
OMP: Info #171: KMP_AFFINITY: OS proc 280 maps to package 0 core 66 thread 3 
OMP: Info #171: KMP_AFFINITY: OS proc 65 maps to package 0 core 67 thread 0 
OMP: Info #171: KMP_AFFINITY: OS proc 137 maps to package 0 core 67 thread 1 
OMP: Info #171: KMP_AFFINITY: OS proc 209 maps to package 0 core 67 thread 2 
OMP: Info #171: KMP_AFFINITY: OS proc 281 maps to package 0 core 67 thread 3 
OMP: Info #171: KMP_AFFINITY: OS proc 66 maps to package 0 core 68 thread 0 
OMP: Info #171: KMP_AFFINITY: OS proc 138 maps to package 0 core 68 thread 1 
OMP: Info #171: KMP_AFFINITY: OS proc 210 maps to package 0 core 68 thread 2 
OMP: Info #171: KMP_AFFINITY: OS proc 282 maps to package 0 core 68 thread 3 
OMP: Info #171: KMP_AFFINITY: OS proc 67 maps to package 0 core 69 thread 0 
OMP: Info #171: KMP_AFFINITY: OS proc 139 maps to package 0 core 69 thread 1 
OMP: Info #171: KMP_AFFINITY: OS proc 211 maps to package 0 core 69 thread 2 
OMP: Info #171: KMP_AFFINITY: OS proc 283 maps to package 0 core 69 thread 3 
OMP: Info #171: KMP_AFFINITY: OS proc 68 maps to package 0 core 70 thread 0 
OMP: Info #171: KMP_AFFINITY: OS proc 140 maps to package 0 core 70 thread 1 
OMP: Info #171: KMP_AFFINITY: OS proc 212 maps to package 0 core 70 thread 2 
OMP: Info #171: KMP_AFFINITY: OS proc 284 maps to package 0 core 70 thread 3 
OMP: Info #171: KMP_AFFINITY: OS proc 69 maps to package 0 core 71 thread 0 
OMP: Info #171: KMP_AFFINITY: OS proc 141 maps to package 0 core 71 thread 1 
OMP: Info #171: KMP_AFFINITY: OS proc 213 maps to package 0 core 71 thread 2 
OMP: Info #171: KMP_AFFINITY: OS proc 285 maps to package 0 core 71 thread 3 
OMP: Info #171: KMP_AFFINITY: OS proc 70 maps to package 0 core 72 thread 0 
OMP: Info #171: KMP_AFFINITY: OS proc 142 maps to package 0 core 72 thread 1 
OMP: Info #171: KMP_AFFINITY: OS proc 214 maps to package 0 core 72 thread 2 
OMP: Info #171: KMP_AFFINITY: OS proc 286 maps to package 0 core 72 thread 3 
OMP: Info #171: KMP_AFFINITY: OS proc 71 maps to package 0 core 73 thread 0 
OMP: Info #171: KMP_AFFINITY: OS proc 143 maps to package 0 core 73 thread 1 
OMP: Info #171: KMP_AFFINITY: OS proc 215 maps to package 0 core 73 thread 2 
OMP: Info #171: KMP_AFFINITY: OS proc 287 maps to package 0 core 73 thread 3 
OMP: Info #242: KMP_AFFINITY: pid 13473 thread 0 bound to OS proc set {0}
OMP: Info #242: KMP_AFFINITY: pid 13473 thread 1 bound to OS proc set {1}
OMP: Info #242: KMP_AFFINITY: pid 13473 thread 2 bound to OS proc set {2}
OMP: Info #242: KMP_AFFINITY: pid 13473 thread 3 bound to OS proc set {3}
OMP: Info #242: KMP_AFFINITY: pid 13473 thread 4 bound to OS proc set {4}
OMP: Info #242: KMP_AFFINITY: pid 13473 thread 5 bound to OS proc set {5}
OMP: Info #242: KMP_AFFINITY: pid 13473 thread 6 bound to OS proc set {6}
OMP: Info #242: KMP_AFFINITY: pid 13473 thread 7 bound to OS proc set {7}
OMP: Info #242: KMP_AFFINITY: pid 13473 thread 8 bound to OS proc set {8}
OMP: Info #242: KMP_AFFINITY: pid 13473 thread 9 bound to OS proc set {9}
OMP: Info #242: KMP_AFFINITY: pid 13473 thread 10 bound to OS proc set {10}
OMP: Info #242: KMP_AFFINITY: pid 13473 thread 11 bound to OS proc set {11}
OMP: Info #242: KMP_AFFINITY: pid 13473 thread 12 bound to OS proc set {12}
OMP: Info #242: KMP_AFFINITY: pid 13473 thread 13 bound to OS proc set {13}
OMP: Info #242: KMP_AFFINITY: pid 13473 thread 14 bound to OS proc set {14}
OMP: Info #242: KMP_AFFINITY: pid 13473 thread 15 bound to OS proc set {15}
OMP: Info #242: KMP_AFFINITY: pid 13473 thread 16 bound to OS proc set {16}
OMP: Info #242: KMP_AFFINITY: pid 13473 thread 17 bound to OS proc set {17}
OMP: Info #242: KMP_AFFINITY: pid 13473 thread 18 bound to OS proc set {18}
OMP: Info #242: KMP_AFFINITY: pid 13473 thread 19 bound to OS proc set {19}
OMP: Info #242: KMP_AFFINITY: pid 13473 thread 20 bound to OS proc set {20}
OMP: Info #242: KMP_AFFINITY: pid 13473 thread 23 bound to OS proc set {23}
OMP: Info #242: KMP_AFFINITY: pid 13473 thread 21 bound to OS proc set {21}
OMP: Info #242: KMP_AFFINITY: pid 13473 thread 24 bound to OS proc set {24}
OMP: Info #242: KMP_AFFINITY: pid 13473 thread 22 bound to OS proc set {22}
OMP: Info #242: KMP_AFFINITY: pid 13473 thread 25 bound to OS proc set {25}
OMP: Info #242: KMP_AFFINITY: pid 13473 thread 26 bound to OS proc set {26}
OMP: Info #242: KMP_AFFINITY: pid 13473 thread 27 bound to OS proc set {27}
OMP: Info #242: KMP_AFFINITY: pid 13473 thread 28 bound to OS proc set {28}
OMP: Info #242: KMP_AFFINITY: pid 13473 thread 29 bound to OS proc set {29}
OMP: Info #242: KMP_AFFINITY: pid 13473 thread 30 bound to OS proc set {30}
OMP: Info #242: KMP_AFFINITY: pid 13473 thread 32 bound to OS proc set {32}
OMP: Info #242: KMP_AFFINITY: pid 13473 thread 33 bound to OS proc set {33}
OMP: Info #242: KMP_AFFINITY: pid 13473 thread 31 bound to OS proc set {31}
OMP: Info #242: KMP_AFFINITY: pid 13473 thread 34 bound to OS proc set {34}
OMP: Info #242: KMP_AFFINITY: pid 13473 thread 35 bound to OS proc set {35}
OMP: Info #242: KMP_AFFINITY: pid 13473 thread 37 bound to OS proc set {37}
OMP: Info #242: KMP_AFFINITY: pid 13473 thread 38 bound to OS proc set {38}
OMP: Info #242: KMP_AFFINITY: pid 13473 thread 36 bound to OS proc set {36}
OMP: Info #242: KMP_AFFINITY: pid 13473 thread 39 bound to OS proc set {39}
OMP: Info #242: KMP_AFFINITY: pid 13473 thread 40 bound to OS proc set {40}
OMP: Info #242: KMP_AFFINITY: pid 13473 thread 41 bound to OS proc set {41}
OMP: Info #242: KMP_AFFINITY: pid 13473 thread 42 bound to OS proc set {42}
OMP: Info #242: KMP_AFFINITY: pid 13473 thread 43 bound to OS proc set {43}
OMP: Info #242: KMP_AFFINITY: pid 13473 thread 44 bound to OS proc set {44}
OMP: Info #242: KMP_AFFINITY: pid 13473 thread 45 bound to OS proc set {45}
OMP: Info #242: KMP_AFFINITY: pid 13473 thread 46 bound to OS proc set {46}
OMP: Info #242: KMP_AFFINITY: pid 13473 thread 47 bound to OS proc set {47}
OMP: Info #242: KMP_AFFINITY: pid 13473 thread 48 bound to OS proc set {48}
OMP: Info #242: KMP_AFFINITY: pid 13473 thread 49 bound to OS proc set {49}
OMP: Info #242: KMP_AFFINITY: pid 13473 thread 50 bound to OS proc set {50}
OMP: Info #242: KMP_AFFINITY: pid 13473 thread 51 bound to OS proc set {51}
OMP: Info #242: KMP_AFFINITY: pid 13473 thread 53 bound to OS proc set {53}
OMP: Info #242: KMP_AFFINITY: pid 13473 thread 52 bound to OS proc set {52}
OMP: Info #242: KMP_AFFINITY: pid 13473 thread 54 bound to OS proc set {54}
OMP: Info #242: KMP_AFFINITY: pid 13473 thread 55 bound to OS proc set {55}
OMP: Info #242: KMP_AFFINITY: pid 13473 thread 56 bound to OS proc set {56}
OMP: Info #242: KMP_AFFINITY: pid 13473 thread 57 bound to OS proc set {57}
OMP: Info #242: KMP_AFFINITY: pid 13473 thread 58 bound to OS proc set {58}
OMP: Info #242: KMP_AFFINITY: pid 13473 thread 60 bound to OS proc set {60}
OMP: Info #242: KMP_AFFINITY: pid 13473 thread 61 bound to OS proc set {61}
OMP: Info #242: KMP_AFFINITY: pid 13473 thread 62 bound to OS proc set {62}
OMP: Info #242: KMP_AFFINITY: pid 13473 thread 63 bound to OS proc set {63}
OMP: Info #242: KMP_AFFINITY: pid 13473 thread 64 bound to OS proc set {64}
OMP: Info #242: KMP_AFFINITY: pid 13473 thread 65 bound to OS proc set {65}
OMP: Info #242: KMP_AFFINITY: pid 13473 thread 66 bound to OS proc set {66}
OMP: Info #242: KMP_AFFINITY: pid 13473 thread 67 bound to OS proc set {67}
OMP: Info #242: KMP_AFFINITY: pid 13473 thread 68 bound to OS proc set {68}
OMP: Info #242: KMP_AFFINITY: pid 13473 thread 59 bound to OS proc set {59}
OMP: Info #242: KMP_AFFINITY: pid 13473 thread 69 bound to OS proc set {69}
OMP: Info #242: KMP_AFFINITY: pid 13473 thread 70 bound to OS proc set {70}
OMP: Info #242: KMP_AFFINITY: pid 13473 thread 71 bound to OS proc set {71}
m=50000, n=50000, k=4320, time=2863.502, gflops=7543.2110  
m=50000, n=50000, k=4320, time=1985.486, gflops=10878.9484  
m=50000, n=50000, k=4320, time=2021.625, gflops=10684.4739  
m=50000, n=50000, k=4320, time=2017.640, gflops=10705.5762  
m=50000, n=50000, k=4320, time=2013.317, gflops=10728.5633  
m=50000, n=50000, k=4320, time=2010.495, gflops=10743.6231  
m=50000, n=50000, k=4320, time=2015.170, gflops=10718.6982  
m=50000, n=50000, k=4320, time=2012.022, gflops=10735.4703  
m=50000, n=50000, k=4320, time=2009.321, gflops=10749.8990  
m=50000, n=50000, k=4320, time=2011.904, gflops=10736.0987  
transab=NN, m=50000, n=50000, k=4320, ldc=50064, alpha=1, beta=1, gflops_best=10878.9484 gflops_ave=10742.3723 
::perf, NN, 50000, 50000, 4320, 50064,  1, 1,  10878.9484, 10742.3723 

